level=INFO ts=2019-09-30T04:07:14.747338Z app=device-service source=init.go:137 msg="Check Metadata service's status ..."
level=INFO ts=2019-09-30T04:07:14.747532Z app=device-service source=init.go:137 msg="Check Data service's status ..."
level=INFO ts=2019-09-30T04:07:14.752698Z app=device-service source=init.go:47 msg="Service clients initialize successful."
level=INFO ts=2019-09-30T04:07:14.772604Z app=device-service source=service.go:142 msg="Device Service  doesn't exist, creating a new one"
level=INFO ts=2019-09-30T04:07:14.781159Z app=device-service source=service.go:198 msg="Addressable device-service doesn't exist, creating a new one"
level=ERROR ts=2019-09-30T04:07:14.855977Z app=device-service source=devices.go:64 msg="Add Device failed RandNum-Device-01, error: 409 - Duplicate name for device\n"
level=ERROR ts=2019-09-30T04:07:14.856422Z app=device-service source=devices.go:31 msg="creating Device from config failed: RandNum-Device-01"
level=INFO ts=2019-09-30T04:14:15.433873Z app=device-service source=init.go:137 msg="Check Metadata service's status ..."
level=INFO ts=2019-09-30T04:14:15.433867Z app=device-service source=init.go:137 msg="Check Data service's status ..."
level=INFO ts=2019-09-30T04:14:15.448932Z app=device-service source=init.go:47 msg="Service clients initialize successful."
level=INFO ts=2019-09-30T04:14:15.471641Z app=device-service source=service.go:149 msg="Device Service device-service exists"
level=INFO ts=2019-09-30T04:14:15.600088Z app=device-service source=service.go:120 msg="*Service Start() called, name=device-service, version=1.1.0"
level=INFO ts=2019-09-30T04:14:15.60053Z app=device-service source=service.go:126 msg="Listening on port: 49992"
level=INFO ts=2019-09-30T04:14:15.60099Z app=device-service source=service.go:127 msg="Service started in: 169.881427ms"
level=INFO ts=2019-09-30T04:14:20.670246Z app=device-service source=utils.go:77 Content-Type=application/json correlation-id=3df7c90b-0a9a-40bb-a4de-8967eb5a9f54 msg="SendEvent: Pushed event to core data"
level=INFO ts=2019-09-30T04:14:21.662515Z app=device-service source=utils.go:77 Content-Type=application/json correlation-id=27625919-53da-4c03-afc6-ba4004659d61 msg="SendEvent: Pushed event to core data"
level=INFO ts=2019-09-30T04:14:22.662358Z app=device-service source=utils.go:77 Content-Type=application/json correlation-id=966e0c53-6f9e-497a-8971-97e7177ca436 msg="SendEvent: Pushed event to core data"
level=INFO ts=2019-09-30T04:14:23.667432Z app=device-service source=utils.go:77 Content-Type=application/json correlation-id=887e4be0-e02b-4d87-bce4-6faf61a411b6 msg="SendEvent: Pushed event to core data"
level=INFO ts=2019-09-30T04:14:25.679055Z app=device-service source=utils.go:77 Content-Type=application/json correlation-id=18cbf66e-e602-4a40-8232-95d4ce42784a msg="SendEvent: Pushed event to core data"
level=INFO ts=2019-09-30T04:14:27.674185Z app=device-service source=utils.go:77 Content-Type=application/json correlation-id=3e03478b-46c3-4b65-b3fa-0c15bdbcbd13 msg="SendEvent: Pushed event to core data"
level=INFO ts=2019-09-30T04:14:29.655869Z app=device-service source=utils.go:77 Content-Type=application/json correlation-id=5f4d3fc8-0e72-4fe4-b7b7-480b15f35205 msg="SendEvent: Pushed event to core data"
level=INFO ts=2019-09-30T04:14:30.68022Z app=device-service source=utils.go:77 Content-Type=application/json correlation-id=b9f34f55-84ff-4675-8977-5309234d25b1 msg="SendEvent: Pushed event to core data"
level=INFO ts=2019-09-30T04:14:31.658944Z app=device-service source=utils.go:77 Content-Type=application/json correlation-id=a4fc9e5c-2d5e-4fee-9c08-71b9c604190f msg="SendEvent: Pushed event to core data"
level=INFO ts=2019-09-30T04:14:33.664716Z app=device-service source=utils.go:77 Content-Type=application/json correlation-id=435078b4-3655-41bc-8623-d69455d428e4 msg="SendEvent: Pushed event to core data"
level=INFO ts=2019-09-30T04:14:35.682041Z app=device-service source=utils.go:77 Content-Type=application/json correlation-id=7eb64f5f-50b2-4dc9-b407-55866984b04e msg="SendEvent: Pushed event to core data"
level=INFO ts=2019-09-30T04:14:36.66062Z app=device-service source=utils.go:77 Content-Type=application/json correlation-id=fe7f8864-f587-4218-987c-aaf1c6d9d4d9 msg="SendEvent: Pushed event to core data"
level=INFO ts=2019-09-30T04:14:39.673198Z app=device-service source=utils.go:77 Content-Type=application/json correlation-id=6a548db0-7e88-4a8c-8a97-aa9ae5f92438 msg="SendEvent: Pushed event to core data"
level=INFO ts=2019-09-30T04:14:39.677862Z app=device-service source=utils.go:77 Content-Type=application/json correlation-id=d799e220-8b7a-4623-ace9-e98a80c5830e msg="SendEvent: Pushed event to core data"
level=INFO ts=2019-09-30T04:14:40.684155Z app=device-service source=utils.go:77 Content-Type=application/json correlation-id=174566c9-2d06-45b7-a1e3-67ad08229db1 msg="SendEvent: Pushed event to core data"
level=INFO ts=2019-09-30T04:14:43.660164Z app=device-service source=utils.go:77 Content-Type=application/json correlation-id=ffff43b8-df18-474b-ac20-b8e17334762b msg="SendEvent: Pushed event to core data"
level=INFO ts=2019-09-30T04:14:45.687666Z app=device-service source=utils.go:77 Content-Type=application/json correlation-id=7db64e6b-3f81-4a53-ab3b-423026662414 msg="SendEvent: Pushed event to core data"
level=INFO ts=2019-09-30T04:14:45.698159Z app=device-service source=utils.go:77 Content-Type=application/json correlation-id=2651762c-8edc-4ea5-8a7c-6b53d06b3684 msg="SendEvent: Pushed event to core data"
level=INFO ts=2019-09-30T04:14:47.671648Z app=device-service source=utils.go:77 Content-Type=application/json correlation-id=6ae09a59-9b82-4556-964a-d7f29f896ece msg="SendEvent: Pushed event to core data"
level=INFO ts=2019-09-30T04:14:50.668848Z app=device-service source=utils.go:77 Content-Type=application/json correlation-id=53ba7d8f-820b-44cd-ae03-e3007f78b74a msg="SendEvent: Pushed event to core data"
level=INFO ts=2019-09-30T04:14:50.685382Z app=device-service source=utils.go:77 Content-Type=application/json correlation-id=799c4a5a-e3fa-4bf7-8ba2-d59d5717568d msg="SendEvent: Pushed event to core data"
level=INFO ts=2019-09-30T04:14:51.680246Z app=device-service source=utils.go:77 Content-Type=application/json correlation-id=653b3c08-5b50-4cba-a804-382a907d0adc msg="SendEvent: Pushed event to core data"
level=INFO ts=2019-09-30T04:14:55.677443Z app=device-service source=utils.go:77 Content-Type=application/json correlation-id=77983ed6-ffec-4526-8a4c-c981ef99678d msg="SendEvent: Pushed event to core data"
level=INFO ts=2019-09-30T04:14:55.68469Z app=device-service source=utils.go:77 Content-Type=application/json correlation-id=ae0a9177-652d-47ce-882f-effa21ab54fa msg="SendEvent: Pushed event to core data"
level=INFO ts=2019-09-30T04:14:57.689944Z app=device-service source=utils.go:77 Content-Type=application/json correlation-id=f466a3b5-730f-4e24-9836-082abc4896d4 msg="SendEvent: Pushed event to core data"
level=INFO ts=2019-09-30T04:14:57.690804Z app=device-service source=utils.go:77 Content-Type=application/json correlation-id=2a86136e-44ba-44e1-9ead-f9b13863a1a3 msg="SendEvent: Pushed event to core data"
level=INFO ts=2019-09-30T04:14:58.181267Z app=device-service source=utils.go:77 Content-Type=application/json correlation-id=35915e1d-2da7-4a96-81e4-3376f422d548 msg="SendEvent: Pushed event to core data"
level=INFO ts=2019-09-30T04:15:00.731082Z app=device-service source=utils.go:77 Content-Type=application/json correlation-id=d33c02dd-8749-4754-9e75-5f0ee6f1da9b msg="SendEvent: Pushed event to core data"
level=INFO ts=2019-09-30T04:15:00.767952Z app=device-service source=utils.go:77 Content-Type=application/json correlation-id=d078b74e-5046-4cd3-8cb5-05cebac26cd0 msg="SendEvent: Pushed event to core data"
level=INFO ts=2019-09-30T04:15:01.973327Z app=device-service source=utils.go:77 Content-Type=application/json correlation-id=e62452b9-86c2-4f50-9b60-978586108972 msg="SendEvent: Pushed event to core data"
level=INFO ts=2019-09-30T04:15:03.667584Z app=device-service source=utils.go:77 Content-Type=application/json correlation-id=74116fca-830d-4db4-ae31-89fb6f91a290 msg="SendEvent: Pushed event to core data"
level=INFO ts=2019-09-30T04:15:03.699292Z app=device-service source=utils.go:77 Content-Type=application/json correlation-id=da787474-eb53-4239-b5a0-bb644360b944 msg="SendEvent: Pushed event to core data"
level=INFO ts=2019-09-30T04:15:04.666469Z app=device-service source=utils.go:77 Content-Type=application/json correlation-id=84a41d02-200f-415d-807d-7a051487b846 msg="SendEvent: Pushed event to core data"
level=INFO ts=2019-09-30T04:15:05.683731Z app=device-service source=utils.go:77 Content-Type=application/json correlation-id=8249680d-093b-4bee-a371-6602e467174e msg="SendEvent: Pushed event to core data"
level=INFO ts=2019-09-30T04:15:09.693131Z app=device-service source=utils.go:77 Content-Type=application/json correlation-id=67c58f63-8eb5-4c10-915c-8517d59a551f msg="SendEvent: Pushed event to core data"
level=INFO ts=2019-09-30T04:15:10.720611Z app=device-service source=utils.go:77 Content-Type=application/json correlation-id=f315bff5-7a03-4a99-9e2d-db630a6d1af6 msg="SendEvent: Pushed event to core data"
level=INFO ts=2019-09-30T04:15:11.70386Z app=device-service source=utils.go:77 Content-Type=application/json correlation-id=b30d0211-354d-4fec-bb24-63c2d0271f09 msg="SendEvent: Pushed event to core data"
level=INFO ts=2019-09-30T04:15:11.717273Z app=device-service source=utils.go:77 Content-Type=application/json correlation-id=a816fb77-1966-4870-8831-bfde77ca4d52 msg="SendEvent: Pushed event to core data"
level=INFO ts=2019-09-30T04:15:15.689637Z app=device-service source=utils.go:77 Content-Type=application/json correlation-id=c8d956e9-f4a1-46f5-b578-5b21ddb8e920 msg="SendEvent: Pushed event to core data"
level=INFO ts=2019-09-30T04:15:15.692829Z app=device-service source=utils.go:77 Content-Type=application/json correlation-id=2b3ca1cf-641b-492a-b2b2-8fd9ffcd45e3 msg="SendEvent: Pushed event to core data"
level=INFO ts=2019-09-30T04:15:18.669662Z app=device-service source=utils.go:77 Content-Type=application/json correlation-id=7921dd49-9522-4278-9161-d67a5ab890fe msg="SendEvent: Pushed event to core data"
level=INFO ts=2019-09-30T04:15:19.676031Z app=device-service source=utils.go:77 Content-Type=application/json correlation-id=e97eb7cd-0dd4-48de-bfa2-ba50e0d85bde msg="SendEvent: Pushed event to core data"
level=INFO ts=2019-09-30T04:15:20.692415Z app=device-service source=utils.go:77 Content-Type=application/json correlation-id=efd3953d-f674-4159-9d66-1b4e6ab7e92e msg="SendEvent: Pushed event to core data"
level=INFO ts=2019-09-30T04:15:21.689109Z app=device-service source=utils.go:77 Content-Type=application/json correlation-id=f361520f-bac7-40e9-849e-8100628b4815 msg="SendEvent: Pushed event to core data"
level=INFO ts=2019-09-30T04:15:25.676508Z app=device-service source=utils.go:77 Content-Type=application/json correlation-id=c7a415d7-3be2-472e-931d-cf48a228a0ee msg="SendEvent: Pushed event to core data"
level=INFO ts=2019-09-30T04:15:25.697098Z app=device-service source=utils.go:77 Content-Type=application/json correlation-id=edcc15fe-cc92-4f77-9778-60a9bf76647e msg="SendEvent: Pushed event to core data"
level=INFO ts=2019-09-30T04:15:27.677768Z app=device-service source=utils.go:77 Content-Type=application/json correlation-id=ea718dcb-1309-4e7d-9fb3-b2d533e3e6f4 msg="SendEvent: Pushed event to core data"
level=INFO ts=2019-09-30T04:15:27.695789Z app=device-service source=utils.go:77 Content-Type=application/json correlation-id=aae2ca31-836f-47fe-9584-edf5cf4e3b42 msg="SendEvent: Pushed event to core data"
level=INFO ts=2019-09-30T04:15:30.710711Z app=device-service source=utils.go:77 Content-Type=application/json correlation-id=b794f15c-3d41-4e8a-af41-80d4bdc0caf7 msg="SendEvent: Pushed event to core data"
level=INFO ts=2019-09-30T04:15:32.676352Z app=device-service source=utils.go:77 Content-Type=application/json correlation-id=7904ec68-834d-4fb6-9b55-ec262dd6f7e9 msg="SendEvent: Pushed event to core data"
level=INFO ts=2019-09-30T04:15:33.689643Z app=device-service source=utils.go:77 Content-Type=application/json correlation-id=b7515afc-5b7f-4315-add4-2e87230fa454 msg="SendEvent: Pushed event to core data"
level=INFO ts=2019-09-30T04:15:35.689903Z app=device-service source=utils.go:77 Content-Type=application/json correlation-id=e8d2ae94-5d68-412b-abf0-c8fe3db7a4bf msg="SendEvent: Pushed event to core data"
level=INFO ts=2019-09-30T04:15:35.710865Z app=device-service source=utils.go:77 Content-Type=application/json correlation-id=23a51de2-2d45-451b-a94a-ffe1c76c125b msg="SendEvent: Pushed event to core data"
level=INFO ts=2019-09-30T04:15:39.686968Z app=device-service source=utils.go:77 Content-Type=application/json correlation-id=f8bad9ba-9ba2-4930-a000-037595def538 msg="SendEvent: Pushed event to core data"
level=INFO ts=2019-09-30T04:15:39.705013Z app=device-service source=utils.go:77 Content-Type=application/json correlation-id=0c52dc36-d308-42b1-a68a-601030684e75 msg="SendEvent: Pushed event to core data"
level=INFO ts=2019-09-30T04:15:40.626054Z app=device-service source=utils.go:77 Content-Type=application/json correlation-id=6e066c4c-9c15-4be2-ae4c-c0484c175720 msg="SendEvent: Pushed event to core data"
level=INFO ts=2019-09-30T04:15:40.713343Z app=device-service source=utils.go:77 Content-Type=application/json correlation-id=21804fad-937e-44ec-b473-1e9bb37abe7b msg="SendEvent: Pushed event to core data"
level=INFO ts=2019-09-30T04:15:41.604241Z app=device-service source=utils.go:77 Content-Type=application/json correlation-id=46de5d33-999d-42c1-9698-5ad6e795edde msg="SendEvent: Pushed event to core data"
level=INFO ts=2019-09-30T04:15:43.673928Z app=device-service source=utils.go:77 Content-Type=application/json correlation-id=b55e072b-1d23-45ac-81d4-cbe42d005733 msg="SendEvent: Pushed event to core data"
level=INFO ts=2019-09-30T04:15:45.703721Z app=device-service source=utils.go:77 Content-Type=application/json correlation-id=2b1580be-804b-4fd4-aa40-486ca96e542f msg="SendEvent: Pushed event to core data"
level=INFO ts=2019-09-30T04:15:45.713396Z app=device-service source=utils.go:77 Content-Type=application/json correlation-id=a9a733e3-580b-42c8-bd84-9588bc4b53b7 msg="SendEvent: Pushed event to core data"
level=INFO ts=2019-09-30T04:15:46.672108Z app=device-service source=utils.go:77 Content-Type=application/json correlation-id=7231309f-c114-4d22-9c51-2b4ccba24ea6 msg="SendEvent: Pushed event to core data"
level=INFO ts=2019-09-30T04:15:50.704694Z app=device-service source=utils.go:77 Content-Type=application/json correlation-id=82cd9e5b-2fc4-4ae9-8e2b-b441858606e0 msg="SendEvent: Pushed event to core data"
level=INFO ts=2019-09-30T04:15:51.691489Z app=device-service source=utils.go:77 Content-Type=application/json correlation-id=cd68759a-d9ae-43f7-88cd-daf21fbd235d msg="SendEvent: Pushed event to core data"
level=INFO ts=2019-09-30T04:15:51.703405Z app=device-service source=utils.go:77 Content-Type=application/json correlation-id=e26ed282-3eb1-45f9-8a98-53db244e4b27 msg="SendEvent: Pushed event to core data"
level=INFO ts=2019-09-30T04:15:53.681121Z app=device-service source=utils.go:77 Content-Type=application/json correlation-id=6cde464a-f63f-4429-84f0-c3acc29f9b73 msg="SendEvent: Pushed event to core data"
level=INFO ts=2019-09-30T04:15:55.705034Z app=device-service source=utils.go:77 Content-Type=application/json correlation-id=cefa53e0-3ca8-4d7b-8206-105be27535ab msg="SendEvent: Pushed event to core data"
level=INFO ts=2019-09-30T04:15:57.713956Z app=device-service source=utils.go:77 Content-Type=application/json correlation-id=e3bd0ed6-ee70-4a16-8bdf-0e30c9076925 msg="SendEvent: Pushed event to core data"
level=INFO ts=2019-09-30T04:15:59.685446Z app=device-service source=utils.go:77 Content-Type=application/json correlation-id=b57ca080-46f6-4530-8037-6ef63b08fc12 msg="SendEvent: Pushed event to core data"
level=INFO ts=2019-09-30T04:16:00.70594Z app=device-service source=utils.go:77 Content-Type=application/json correlation-id=0a8e4779-62c4-4520-95d8-71cbdaa0f52d msg="SendEvent: Pushed event to core data"
level=INFO ts=2019-09-30T04:16:00.800072Z app=device-service source=utils.go:77 Content-Type=application/json correlation-id=09019b1e-68c9-4f30-8b5c-673ef3dac8c7 msg="SendEvent: Pushed event to core data"
level=INFO ts=2019-09-30T04:16:03.704577Z app=device-service source=utils.go:77 Content-Type=application/json correlation-id=42c6c7a3-7306-4760-836c-4d08c578d9eb msg="SendEvent: Pushed event to core data"
level=INFO ts=2019-09-30T04:16:05.705984Z app=device-service source=utils.go:77 Content-Type=application/json correlation-id=14305465-de8b-4562-8c0e-a8ce943fd827 msg="SendEvent: Pushed event to core data"
level=INFO ts=2019-09-30T04:16:07.700647Z app=device-service source=utils.go:77 Content-Type=application/json correlation-id=50593ffd-d658-4cab-bd81-4bc89579aae2 msg="SendEvent: Pushed event to core data"
level=INFO ts=2019-09-30T04:16:07.712379Z app=device-service source=utils.go:77 Content-Type=application/json correlation-id=ad2dddf7-c32e-4ec8-9738-2c8453b4aa7c msg="SendEvent: Pushed event to core data"
level=INFO ts=2019-09-30T04:16:09.760727Z app=device-service source=utils.go:77 Content-Type=application/json correlation-id=aa6cc81d-9b71-409d-b8e2-faff4d37ffa5 msg="SendEvent: Pushed event to core data"
level=INFO ts=2019-09-30T04:16:10.722316Z app=device-service source=utils.go:77 Content-Type=application/json correlation-id=1593ba2c-351e-4c3b-bfa9-7798024e4530 msg="SendEvent: Pushed event to core data"
level=INFO ts=2019-09-30T04:16:14.68149Z app=device-service source=utils.go:77 Content-Type=application/json correlation-id=0b426ec3-bffc-4758-b47f-d98a3203b00c msg="SendEvent: Pushed event to core data"
level=INFO ts=2019-09-30T04:16:15.743069Z app=device-service source=utils.go:77 Content-Type=application/json correlation-id=79aac4ff-4a04-414b-a5ef-49439e094835 msg="SendEvent: Pushed event to core data"
level=INFO ts=2019-09-30T04:16:15.770594Z app=device-service source=utils.go:77 Content-Type=application/json correlation-id=5ee5ba8f-3f89-42ba-b097-ceac2811ca24 msg="SendEvent: Pushed event to core data"
level=INFO ts=2019-09-30T04:16:15.7981Z app=device-service source=utils.go:77 Content-Type=application/json correlation-id=08828393-c0f8-4ab4-bbf7-c1d6d20cdc84 msg="SendEvent: Pushed event to core data"
level=INFO ts=2019-09-30T04:16:20.713277Z app=device-service source=utils.go:77 Content-Type=application/json correlation-id=3d0165c7-fc64-4199-984f-2df0d3023a17 msg="SendEvent: Pushed event to core data"
level=INFO ts=2019-09-30T04:16:21.686141Z app=device-service source=utils.go:77 Content-Type=application/json correlation-id=ff041a51-4cbd-48d5-b16e-23f253fb2424 msg="SendEvent: Pushed event to core data"
level=INFO ts=2019-09-30T04:16:21.720435Z app=device-service source=utils.go:77 Content-Type=application/json correlation-id=cca8da06-00c8-45f5-8408-9f1ba8945f1b msg="SendEvent: Pushed event to core data"
level=INFO ts=2019-09-30T04:16:23.692191Z app=device-service source=utils.go:77 Content-Type=application/json correlation-id=3953dcd1-39f4-44a7-8ff6-658d74cab54d msg="SendEvent: Pushed event to core data"
level=INFO ts=2019-09-30T04:16:25.711141Z app=device-service source=utils.go:77 Content-Type=application/json correlation-id=6da68330-cdcc-4cfb-aa08-c381b605f399 msg="SendEvent: Pushed event to core data"
level=INFO ts=2019-09-30T04:16:27.715995Z app=device-service source=utils.go:77 Content-Type=application/json correlation-id=e426da28-5568-49a3-afba-d1609ebedbfa msg="SendEvent: Pushed event to core data"
level=INFO ts=2019-09-30T04:16:28.735169Z app=device-service source=utils.go:77 Content-Type=application/json correlation-id=8c3200c7-d568-499f-b6b9-95c57323936e msg="SendEvent: Pushed event to core data"
level=INFO ts=2019-09-30T04:16:30.721557Z app=device-service source=utils.go:77 Content-Type=application/json correlation-id=da206143-737a-4d2b-9c97-b7523a31ce1f msg="SendEvent: Pushed event to core data"
level=INFO ts=2019-09-30T04:16:31.697816Z app=device-service source=utils.go:77 Content-Type=application/json correlation-id=a3af1ed0-ca75-40ba-a190-e3edd7c95d85 msg="SendEvent: Pushed event to core data"
level=INFO ts=2019-09-30T04:16:33.728758Z app=device-service source=utils.go:77 Content-Type=application/json correlation-id=5eae7a1e-a005-418f-8092-f109c2f80f56 msg="SendEvent: Pushed event to core data"
level=INFO ts=2019-09-30T04:16:35.708329Z app=device-service source=utils.go:77 Content-Type=application/json correlation-id=20013c3f-5a44-4258-b8ae-1da55fa2f0c1 msg="SendEvent: Pushed event to core data"
level=INFO ts=2019-09-30T04:16:35.724492Z app=device-service source=utils.go:77 Content-Type=application/json correlation-id=408bd7ff-d1a3-42e4-ae81-ebd8212670ae msg="SendEvent: Pushed event to core data"
level=INFO ts=2019-09-30T04:16:39.712787Z app=device-service source=utils.go:77 Content-Type=application/json correlation-id=a1c5332f-5655-4a0f-acdf-ef99e29e1c75 msg="SendEvent: Pushed event to core data"
level=INFO ts=2019-09-30T04:16:39.744377Z app=device-service source=utils.go:77 Content-Type=application/json correlation-id=1a9bc2ab-6bc0-47b2-902a-a6b4de33cf96 msg="SendEvent: Pushed event to core data"
level=INFO ts=2019-09-30T04:16:40.729435Z app=device-service source=utils.go:77 Content-Type=application/json correlation-id=198600a7-8e95-4042-882f-23a9415fa279 msg="SendEvent: Pushed event to core data"
level=INFO ts=2019-09-30T04:16:41.522539Z app=device-service source=utils.go:77 Content-Type=application/json correlation-id=0dca7c39-c8be-4db4-9d6b-658589e23474 msg="SendEvent: Pushed event to core data"
level=INFO ts=2019-09-30T04:16:42.704431Z app=device-service source=utils.go:77 Content-Type=application/json correlation-id=396330b7-346f-4b0f-9564-be164e380f03 msg="SendEvent: Pushed event to core data"
level=INFO ts=2019-09-30T04:16:42.967238Z app=device-service source=utils.go:77 Content-Type=application/json correlation-id=0222ac71-ceae-4f9b-8b8e-fb23d6a106fa msg="SendEvent: Pushed event to core data"
level=INFO ts=2019-09-30T04:16:45.734822Z app=device-service source=utils.go:77 Content-Type=application/json correlation-id=eb208491-186d-4fb1-9a8c-c77ca970552e msg="SendEvent: Pushed event to core data"
level=INFO ts=2019-09-30T04:16:45.742752Z app=device-service source=utils.go:77 Content-Type=application/json correlation-id=71114266-e4f9-4ca5-95b5-7cde2da59ba4 msg="SendEvent: Pushed event to core data"
level=INFO ts=2019-09-30T04:16:47.702897Z app=device-service source=utils.go:77 Content-Type=application/json correlation-id=5ab423c3-855f-44b3-b0da-4bbf5263d7de msg="SendEvent: Pushed event to core data"
level=INFO ts=2019-09-30T04:16:49.691003Z app=device-service source=utils.go:77 Content-Type=application/json correlation-id=2330efcc-b87f-4b68-a9c9-501a9ee3771e msg="SendEvent: Pushed event to core data"
level=INFO ts=2019-09-30T04:16:50.725666Z app=device-service source=utils.go:77 Content-Type=application/json correlation-id=fc73cc3b-61aa-4dea-8714-7077f5cdde4d msg="SendEvent: Pushed event to core data"
level=INFO ts=2019-09-30T04:16:51.735169Z app=device-service source=utils.go:77 Content-Type=application/json correlation-id=eb474eaf-4d24-404b-8eeb-64910e13a63b msg="SendEvent: Pushed event to core data"
level=INFO ts=2019-09-30T04:16:55.715253Z app=device-service source=utils.go:77 Content-Type=application/json correlation-id=ccb0cf1a-5ff3-448d-a497-ef58aa425041 msg="SendEvent: Pushed event to core data"
level=INFO ts=2019-09-30T04:16:55.734734Z app=device-service source=utils.go:77 Content-Type=application/json correlation-id=9af36acd-eae1-4c7d-bd40-b0ce948ba369 msg="SendEvent: Pushed event to core data"
level=INFO ts=2019-09-30T04:16:56.694359Z app=device-service source=utils.go:77 Content-Type=application/json correlation-id=0ddf9514-fc6e-44d5-a151-570c41a336dc msg="SendEvent: Pushed event to core data"
level=INFO ts=2019-09-30T04:16:57.735902Z app=device-service source=utils.go:77 Content-Type=application/json correlation-id=10ae6a83-05b7-4a0d-ae7a-fc7d046c9d26 msg="SendEvent: Pushed event to core data"
level=INFO ts=2019-09-30T04:17:00.73791Z app=device-service source=utils.go:77 Content-Type=application/json correlation-id=e1772eda-4a4e-4e05-932c-843fa199e288 msg="SendEvent: Pushed event to core data"
level=INFO ts=2019-09-30T04:17:03.745696Z app=device-service source=utils.go:77 Content-Type=application/json correlation-id=56f87a05-08af-4090-8af8-af7862d919d7 msg="SendEvent: Pushed event to core data"
level=INFO ts=2019-09-30T04:17:03.798195Z app=device-service source=utils.go:77 Content-Type=application/json correlation-id=c3e00a3e-55e7-4cd5-8dab-5892cac44d6e msg="SendEvent: Pushed event to core data"
level=INFO ts=2019-09-30T04:17:03.810556Z app=device-service source=utils.go:77 Content-Type=application/json correlation-id=30068724-deeb-4688-a5fd-4b5f29d2bcf3 msg="SendEvent: Pushed event to core data"
level=INFO ts=2019-09-30T04:17:05.728186Z app=device-service source=utils.go:77 Content-Type=application/json correlation-id=1017308e-d31b-41c6-9c9d-386ad2a8e65e msg="SendEvent: Pushed event to core data"
level=INFO ts=2019-09-30T04:17:09.751194Z app=device-service source=utils.go:77 Content-Type=application/json correlation-id=53a7785f-63d8-47be-be41-1a05b58c23a6 msg="SendEvent: Pushed event to core data"
level=INFO ts=2019-09-30T04:17:10.7314Z app=device-service source=utils.go:77 Content-Type=application/json correlation-id=ec0e5fa2-f56c-48c4-8448-d2155c260c65 msg="SendEvent: Pushed event to core data"
level=INFO ts=2019-09-30T04:17:10.763746Z app=device-service source=utils.go:77 Content-Type=application/json correlation-id=8a64c41a-f537-4735-8478-1dfef91b5e23 msg="SendEvent: Pushed event to core data"
level=INFO ts=2019-09-30T04:17:11.700471Z app=device-service source=utils.go:77 Content-Type=application/json correlation-id=4b7fe6d2-9d43-4c03-a5b0-f827a6c444d2 msg="SendEvent: Pushed event to core data"
level=INFO ts=2019-09-30T04:17:15.747393Z app=device-service source=utils.go:77 Content-Type=application/json correlation-id=7c4a75bb-6bc3-4e2a-a8fa-ee2294e11dc4 msg="SendEvent: Pushed event to core data"
level=INFO ts=2019-09-30T04:17:15.752156Z app=device-service source=utils.go:77 Content-Type=application/json correlation-id=92411ca5-94d0-4c0a-b9bb-22ff76a9b68b msg="SendEvent: Pushed event to core data"
level=INFO ts=2019-09-30T04:17:17.726616Z app=device-service source=utils.go:77 Content-Type=application/json correlation-id=ed75af33-8300-4df7-aa30-a1dbfb43ce9a msg="SendEvent: Pushed event to core data"
level=INFO ts=2019-09-30T04:17:19.725406Z app=device-service source=utils.go:77 Content-Type=application/json correlation-id=d86663da-ec1c-45da-9e7a-ac72e421d808 msg="SendEvent: Pushed event to core data"
level=INFO ts=2019-09-30T04:17:20.740283Z app=device-service source=utils.go:77 Content-Type=application/json correlation-id=acd865ef-834e-4b97-8b2c-f5ed02836d70 msg="SendEvent: Pushed event to core data"
level=INFO ts=2019-09-30T04:17:21.743598Z app=device-service source=utils.go:77 Content-Type=application/json correlation-id=4fa654e0-91fa-42a0-af85-f2df33dbdf7e msg="SendEvent: Pushed event to core data"
level=INFO ts=2019-09-30T04:17:24.715475Z app=device-service source=utils.go:77 Content-Type=application/json correlation-id=153ecf14-6999-4154-9587-2d4fb8b01a2d msg="SendEvent: Pushed event to core data"
level=INFO ts=2019-09-30T04:17:25.735512Z app=device-service source=utils.go:77 Content-Type=application/json correlation-id=c9170fc0-6671-4d98-993f-660888e74f7d msg="SendEvent: Pushed event to core data"
level=INFO ts=2019-09-30T04:17:27.704717Z app=device-service source=utils.go:77 Content-Type=application/json correlation-id=15cf3448-402a-464e-95e2-13e8ffd995f0 msg="SendEvent: Pushed event to core data"
level=INFO ts=2019-09-30T04:17:27.745595Z app=device-service source=utils.go:77 Content-Type=application/json correlation-id=5aa7f264-b8fd-4907-bf2b-78d51f5725c0 msg="SendEvent: Pushed event to core data"
level=INFO ts=2019-09-30T04:17:30.746133Z app=device-service source=utils.go:77 Content-Type=application/json correlation-id=f6bc66e3-21ba-4128-8141-92e287fdd17c msg="SendEvent: Pushed event to core data"
level=INFO ts=2019-09-30T04:17:31.709643Z app=device-service source=utils.go:77 Content-Type=application/json correlation-id=2d3a14e8-6084-4e0c-82a2-b52f3339065c msg="SendEvent: Pushed event to core data"
level=INFO ts=2019-09-30T04:17:33.750585Z app=device-service source=utils.go:77 Content-Type=application/json correlation-id=ff41fda4-1066-415d-8ccc-35efcefcd8ff msg="SendEvent: Pushed event to core data"
level=INFO ts=2019-09-30T04:17:35.715787Z app=device-service source=utils.go:77 Content-Type=application/json correlation-id=c2d77643-c9b0-4901-927d-fe467061e62f msg="SendEvent: Pushed event to core data"
level=INFO ts=2019-09-30T04:17:35.753251Z app=device-service source=utils.go:77 Content-Type=application/json correlation-id=020fb4bb-de48-4241-ab81-32db328d286e msg="SendEvent: Pushed event to core data"
level=INFO ts=2019-09-30T04:17:38.706023Z app=device-service source=utils.go:77 Content-Type=application/json correlation-id=b6fabaca-4a2d-4037-9a90-c807f620cc9d msg="SendEvent: Pushed event to core data"
level=INFO ts=2019-09-30T04:17:39.756843Z app=device-service source=utils.go:77 Content-Type=application/json correlation-id=c62ec4ca-66ab-4a70-89b2-b1cb588efeb6 msg="SendEvent: Pushed event to core data"
level=INFO ts=2019-09-30T04:17:40.755471Z app=device-service source=utils.go:77 Content-Type=application/json correlation-id=b821f20e-6a21-4e97-8a18-e09ec013b8fd msg="SendEvent: Pushed event to core data"
level=INFO ts=2019-09-30T04:17:43.707274Z app=device-service source=utils.go:77 Content-Type=application/json correlation-id=b37c9044-d22a-4715-8938-3238151d7d4a msg="SendEvent: Pushed event to core data"
level=INFO ts=2019-09-30T04:17:45.708866Z app=device-service source=utils.go:77 Content-Type=application/json correlation-id=2ee488ca-2832-4185-a158-a2a55bff09f1 msg="SendEvent: Pushed event to core data"
level=INFO ts=2019-09-30T04:17:45.76811Z app=device-service source=utils.go:77 Content-Type=application/json correlation-id=8944ae7a-7048-4b7d-b914-624d18e1b37d msg="SendEvent: Pushed event to core data"
level=INFO ts=2019-09-30T04:17:45.781072Z app=device-service source=utils.go:77 Content-Type=application/json correlation-id=b19f3a5f-91b6-477f-9e7c-719de17de36b msg="SendEvent: Pushed event to core data"
level=INFO ts=2019-09-30T04:17:50.752328Z app=device-service source=utils.go:77 Content-Type=application/json correlation-id=e405e397-f9d3-4f28-bdda-1fd5fc2e4ac2 msg="SendEvent: Pushed event to core data"
level=INFO ts=2019-09-30T04:17:51.727154Z app=device-service source=utils.go:77 Content-Type=application/json correlation-id=5b9b0013-5224-43e0-a679-5a2bb7f2bbf5 msg="SendEvent: Pushed event to core data"
level=INFO ts=2019-09-30T04:17:51.766767Z app=device-service source=utils.go:77 Content-Type=application/json correlation-id=b6126b07-af3f-46ce-a6a2-220c123d03de msg="SendEvent: Pushed event to core data"
level=INFO ts=2019-09-30T04:17:52.707137Z app=device-service source=utils.go:77 Content-Type=application/json correlation-id=139af07d-05fa-4481-921b-4708c44fa6db msg="SendEvent: Pushed event to core data"
level=INFO ts=2019-09-30T04:17:55.792998Z app=device-service source=utils.go:77 Content-Type=application/json correlation-id=6f04a085-81f9-422f-9e2c-95c127be1008 msg="SendEvent: Pushed event to core data"
level=INFO ts=2019-09-30T04:17:57.764251Z app=device-service source=utils.go:77 Content-Type=application/json correlation-id=83defb0d-4e1f-41e1-a208-533bfe5a8c7b msg="SendEvent: Pushed event to core data"
level=INFO ts=2019-09-30T04:17:59.714325Z app=device-service source=utils.go:77 Content-Type=application/json correlation-id=96d13b0e-6a0c-4628-987c-c6e49b9b298b msg="SendEvent: Pushed event to core data"
level=INFO ts=2019-09-30T04:17:59.726555Z app=device-service source=utils.go:77 Content-Type=application/json correlation-id=92c1b761-9dd8-42fb-8b1f-e09a29171e26 msg="SendEvent: Pushed event to core data"
level=INFO ts=2019-09-30T04:18:00.759752Z app=device-service source=utils.go:77 Content-Type=application/json correlation-id=d18b85d8-ce4f-4c06-a686-a6048b43d35d msg="SendEvent: Pushed event to core data"
level=INFO ts=2019-09-30T04:18:03.777754Z app=device-service source=utils.go:77 Content-Type=application/json correlation-id=106aebee-0b14-44ec-a093-0720b0cb82a1 msg="SendEvent: Pushed event to core data"
level=INFO ts=2019-09-30T04:18:05.759302Z app=device-service source=utils.go:77 Content-Type=application/json correlation-id=2a8d63dd-4cc5-42e3-ad5b-4ed8a3ce7abc msg="SendEvent: Pushed event to core data"
level=INFO ts=2019-09-30T04:18:06.725763Z app=device-service source=utils.go:77 Content-Type=application/json correlation-id=ec9c1a6e-27c4-42d8-8d7e-477c5d7ee6fe msg="SendEvent: Pushed event to core data"
level=INFO ts=2019-09-30T04:18:07.713585Z app=device-service source=utils.go:77 Content-Type=application/json correlation-id=5af9d5b2-d9c0-4bfa-ae45-bb227762977b msg="SendEvent: Pushed event to core data"
level=INFO ts=2019-09-30T04:18:09.777217Z app=device-service source=utils.go:77 Content-Type=application/json correlation-id=2eacf28a-b892-4c2e-9ed9-2af0db3b856c msg="SendEvent: Pushed event to core data"
level=INFO ts=2019-09-30T04:18:10.765422Z app=device-service source=utils.go:77 Content-Type=application/json correlation-id=558b5881-a171-4c6a-980c-08eaaa462135 msg="SendEvent: Pushed event to core data"
level=INFO ts=2019-09-30T04:18:13.72728Z app=device-service source=utils.go:77 Content-Type=application/json correlation-id=d8ad6f13-1b3c-46b4-a273-733e855bbd93 msg="SendEvent: Pushed event to core data"
level=INFO ts=2019-09-30T04:18:15.738354Z app=device-service source=utils.go:77 Content-Type=application/json correlation-id=143b8d1d-b586-4fd6-a732-ac995d815cae msg="SendEvent: Pushed event to core data"
level=INFO ts=2019-09-30T04:18:15.790114Z app=device-service source=utils.go:77 Content-Type=application/json correlation-id=3484e920-c835-4f67-b334-45eb0ce506a4 msg="SendEvent: Pushed event to core data"
level=INFO ts=2019-09-30T04:18:15.794194Z app=device-service source=utils.go:77 Content-Type=application/json correlation-id=e7376472-9d2f-4e6d-8606-8381e44a3731 msg="SendEvent: Pushed event to core data"
level=INFO ts=2019-09-30T04:18:17.868655Z app=device-service source=utils.go:77 Content-Type=application/json correlation-id=e293174f-bf2f-4342-a123-c7a43912ef83 msg="SendEvent: Pushed event to core data"
level=INFO ts=2019-09-30T04:18:20.022814Z app=device-service source=utils.go:77 Content-Type=application/json correlation-id=581edff2-e39d-48d0-8a43-cccc0fcdb1af msg="SendEvent: Pushed event to core data"
level=INFO ts=2019-09-30T04:18:20.75497Z app=device-service source=utils.go:77 Content-Type=application/json correlation-id=2a22b685-d584-48a7-bda2-1d0cfe69d7cf msg="SendEvent: Pushed event to core data"
level=INFO ts=2019-09-30T04:18:20.794778Z app=device-service source=utils.go:77 Content-Type=application/json correlation-id=f7653fd9-2a9a-4641-8dfa-62eb597e179f msg="SendEvent: Pushed event to core data"
level=INFO ts=2019-09-30T04:18:21.766029Z app=device-service source=utils.go:77 Content-Type=application/json correlation-id=8d9a4841-0099-4ae0-b28c-af52e239f8be msg="SendEvent: Pushed event to core data"
level=INFO ts=2019-09-30T04:18:23.723358Z app=device-service source=utils.go:77 Content-Type=application/json correlation-id=ee30283f-ecc3-4bf5-a994-d6e2cf04fd2f msg="SendEvent: Pushed event to core data"
level=INFO ts=2019-09-30T04:18:25.772746Z app=device-service source=utils.go:77 Content-Type=application/json correlation-id=f0d574a3-b647-4ca8-a762-41075b938faf msg="SendEvent: Pushed event to core data"
level=INFO ts=2019-09-30T04:18:27.727724Z app=device-service source=utils.go:77 Content-Type=application/json correlation-id=10673a44-26ae-451a-9790-c6cf856cdfc5 msg="SendEvent: Pushed event to core data"
level=INFO ts=2019-09-30T04:18:27.766698Z app=device-service source=utils.go:77 Content-Type=application/json correlation-id=c488d054-c646-4946-bfd1-0b1bb7e3d8bb msg="SendEvent: Pushed event to core data"
level=INFO ts=2019-09-30T04:18:30.774846Z app=device-service source=utils.go:77 Content-Type=application/json correlation-id=d2e7013c-1e3c-4595-a09e-fa7c1a0447d1 msg="SendEvent: Pushed event to core data"
level=INFO ts=2019-09-30T04:18:31.722601Z app=device-service source=utils.go:77 Content-Type=application/json correlation-id=c98dc58d-ea4e-4f71-886b-da87fc4a6099 msg="SendEvent: Pushed event to core data"
level=INFO ts=2019-09-30T04:18:33.808852Z app=device-service source=utils.go:77 Content-Type=application/json correlation-id=4c9bf71a-0d03-42b7-b549-a437340cfbda msg="SendEvent: Pushed event to core data"
level=INFO ts=2019-09-30T04:18:34.721247Z app=device-service source=utils.go:77 Content-Type=application/json correlation-id=691f905d-29f5-415d-a415-6cb7afc56b93 msg="SendEvent: Pushed event to core data"
level=INFO ts=2019-09-30T04:18:35.771774Z app=device-service source=utils.go:77 Content-Type=application/json correlation-id=8210de9a-2231-40cc-bcf2-af118d25556b msg="SendEvent: Pushed event to core data"
level=INFO ts=2019-09-30T04:18:39.74006Z app=device-service source=utils.go:77 Content-Type=application/json correlation-id=c423473f-d703-47e9-aee9-54264ad35bd8 msg="SendEvent: Pushed event to core data"
level=INFO ts=2019-09-30T04:18:39.81144Z app=device-service source=utils.go:77 Content-Type=application/json correlation-id=29b44981-0242-439c-add2-b19833f8afe3 msg="SendEvent: Pushed event to core data"
level=INFO ts=2019-09-30T04:18:40.781823Z app=device-service source=utils.go:77 Content-Type=application/json correlation-id=417a3cd6-f210-4f6d-8dbe-04e65a2eb9e3 msg="SendEvent: Pushed event to core data"
level=INFO ts=2019-09-30T04:18:41.731499Z app=device-service source=utils.go:77 Content-Type=application/json correlation-id=625c8d06-155b-448f-a890-16aee42cb682 msg="SendEvent: Pushed event to core data"
level=INFO ts=2019-09-30T04:18:45.797904Z app=device-service source=utils.go:77 Content-Type=application/json correlation-id=d8384419-f585-4537-afa0-8e30118296e8 msg="SendEvent: Pushed event to core data"
level=INFO ts=2019-09-30T04:18:45.804341Z app=device-service source=utils.go:77 Content-Type=application/json correlation-id=0c69040c-d8aa-4f1d-8447-6b1d28f3d3b6 msg="SendEvent: Pushed event to core data"
level=INFO ts=2019-09-30T04:18:47.759705Z app=device-service source=utils.go:77 Content-Type=application/json correlation-id=55647195-9075-4786-af9a-9b323e7efeeb msg="SendEvent: Pushed event to core data"
level=INFO ts=2019-09-30T04:18:48.798947Z app=device-service source=utils.go:77 Content-Type=application/json correlation-id=ee9d49ae-8e49-42a8-8ea3-02ceb0bf91b9 msg="SendEvent: Pushed event to core data"
level=INFO ts=2019-09-30T04:18:50.776424Z app=device-service source=utils.go:77 Content-Type=application/json correlation-id=12c0f5e9-62fa-43e8-bc42-3e6af605edee msg="SendEvent: Pushed event to core data"
level=INFO ts=2019-09-30T04:18:51.783131Z app=device-service source=utils.go:77 Content-Type=application/json correlation-id=165daf9e-a885-4500-928c-02a9ad136299 msg="SendEvent: Pushed event to core data"
level=INFO ts=2019-09-30T04:18:55.817374Z app=device-service source=utils.go:77 Content-Type=application/json correlation-id=954a90f6-1b80-40f1-a4c6-7a9ede06bf64 msg="SendEvent: Pushed event to core data"
level=INFO ts=2019-09-30T04:18:55.822992Z app=device-service source=utils.go:77 Content-Type=application/json correlation-id=5a72b014-1c0a-4963-876b-68f8b677996b msg="SendEvent: Pushed event to core data"
level=INFO ts=2019-09-30T04:18:55.853508Z app=device-service source=utils.go:77 Content-Type=application/json correlation-id=b62c67e1-aeeb-49a2-bc39-84a266424499 msg="SendEvent: Pushed event to core data"
